Analysis & Synthesis report for ledgroup
Sun Mar 10 19:09:29 2024
Quartus II Version 9.1 Build 304 01/25/2010 Service Pack 1 SJ Web Edition


---------------------
; Table of Contents ;
---------------------
  1. Legal Notice
  2. Analysis & Synthesis Summary
  3. Analysis & Synthesis Settings
  4. Parallel Compilation
  5. Analysis & Synthesis Source Files Read
  6. Analysis & Synthesis Resource Usage Summary
  7. Analysis & Synthesis Resource Utilization by Entity
  8. Parameter Settings for User Entity Instance: Top-level Entity: |ledgroup
  9. Parameter Settings for User Entity Instance: ledgroup_detail:m1
 10. Port Connectivity Checks: "ledgroup_detail:m1"
 11. Analysis & Synthesis Messages



----------------
; Legal Notice ;
----------------
Copyright (C) 1991-2010 Altera Corporation
Your use of Altera Corporation's design tools, logic functions 
and other software and tools, and its AMPP partner logic 
functions, and any output files from any of the foregoing 
(including device programming or simulation files), and any 
associated documentation or information are expressly subject 
to the terms and conditions of the Altera Program License 
Subscription Agreement, Altera MegaCore Function License 
Agreement, or other applicable license agreement, including, 
without limitation, that your use is for the sole purpose of 
programming logic devices manufactured by Altera and sold by 
Altera or its authorized distributors.  Please refer to the 
applicable agreement for further details.



+----------------------------------------------------------------------------+
; Analysis & Synthesis Summary                                               ;
+-----------------------------+----------------------------------------------+
; Analysis & Synthesis Status ; Successful - Sun Mar 10 19:09:29 2024        ;
; Quartus II Version          ; 9.1 Build 304 01/25/2010 SP 1 SJ Web Edition ;
; Revision Name               ; ledgroup                                     ;
; Top-level Entity Name       ; ledgroup                                     ;
; Family                      ; MAX3000A                                     ;
; Total macrocells            ; 46                                           ;
; Total pins                  ; 3                                            ;
+-----------------------------+----------------------------------------------+


+--------------------------------------------------------------------------------------------------------------+
; Analysis & Synthesis Settings                                                                                ;
+----------------------------------------------------------------------------+-----------------+---------------+
; Option                                                                     ; Setting         ; Default Value ;
+----------------------------------------------------------------------------+-----------------+---------------+
; Device                                                                     ; EPM3064ALC44-10 ;               ;
; Top-level entity name                                                      ; ledgroup        ; ledgroup      ;
; Family name                                                                ; MAX3000A        ; Stratix II    ;
; Use Generated Physical Constraints File                                    ; Off             ;               ;
; Use smart compilation                                                      ; Off             ; Off           ;
; Enable parallel Assembler and TimeQuest Timing Analyzer during compilation ; On              ; On            ;
; Enable compact report table                                                ; Off             ; Off           ;
; Create Debugging Nodes for IP Cores                                        ; Off             ; Off           ;
; Preserve fewer node names                                                  ; On              ; On            ;
; Disable OpenCore Plus hardware evaluation                                  ; Off             ; Off           ;
; Verilog Version                                                            ; Verilog_2001    ; Verilog_2001  ;
; VHDL Version                                                               ; VHDL_1993       ; VHDL_1993     ;
; State Machine Processing                                                   ; Auto            ; Auto          ;
; Safe State Machine                                                         ; Off             ; Off           ;
; Extract Verilog State Machines                                             ; On              ; On            ;
; Extract VHDL State Machines                                                ; On              ; On            ;
; Ignore Verilog initial constructs                                          ; Off             ; Off           ;
; Iteration limit for constant Verilog loops                                 ; 5000            ; 5000          ;
; Iteration limit for non-constant Verilog loops                             ; 250             ; 250           ;
; Add Pass-Through Logic to Inferred RAMs                                    ; On              ; On            ;
; Parallel Synthesis                                                         ; On              ; On            ;
; NOT Gate Push-Back                                                         ; On              ; On            ;
; Power-Up Don't Care                                                        ; On              ; On            ;
; Remove Duplicate Registers                                                 ; On              ; On            ;
; Ignore CARRY Buffers                                                       ; Off             ; Off           ;
; Ignore CASCADE Buffers                                                     ; Off             ; Off           ;
; Ignore GLOBAL Buffers                                                      ; Off             ; Off           ;
; Ignore ROW GLOBAL Buffers                                                  ; Off             ; Off           ;
; Ignore LCELL Buffers                                                       ; Auto            ; Auto          ;
; Ignore SOFT Buffers                                                        ; Off             ; Off           ;
; Limit AHDL Integers to 32 Bits                                             ; Off             ; Off           ;
; Optimization Technique                                                     ; Speed           ; Speed         ;
; Allow XOR Gate Usage                                                       ; On              ; On            ;
; Auto Logic Cell Insertion                                                  ; On              ; On            ;
; Parallel Expander Chain Length                                             ; 4               ; 4             ;
; Auto Parallel Expanders                                                    ; On              ; On            ;
; Auto Open-Drain Pins                                                       ; On              ; On            ;
; Auto Resource Sharing                                                      ; Off             ; Off           ;
; Maximum Fan-in Per Macrocell                                               ; 100             ; 100           ;
; Use LogicLock Constraints during Resource Balancing                        ; On              ; On            ;
; Ignore translate_off and synthesis_off directives                          ; Off             ; Off           ;
; Show Parameter Settings Tables in Synthesis Report                         ; On              ; On            ;
; HDL message level                                                          ; Level2          ; Level2        ;
; Suppress Register Optimization Related Messages                            ; Off             ; Off           ;
; Number of Removed Registers Reported in Synthesis Report                   ; 5000            ; 5000          ;
; Number of Inverted Registers Reported in Synthesis Report                  ; 100             ; 100           ;
; Block Design Naming                                                        ; Auto            ; Auto          ;
; Synthesis Effort                                                           ; Auto            ; Auto          ;
; Shift Register Replacement - Allow Asynchronous Clear Signal               ; On              ; On            ;
; Analysis & Synthesis Message Level                                         ; Medium          ; Medium        ;
; Disable Register Merging Across Hierarchies                                ; Auto            ; Auto          ;
+----------------------------------------------------------------------------+-----------------+---------------+


Parallel compilation was disabled, but you have multiple processors available. Enable parallel compilation to reduce compilation time.
+-------------------------------------+
; Parallel Compilation                ;
+----------------------------+--------+
; Processors                 ; Number ;
+----------------------------+--------+
; Number detected on machine ; 8      ;
; Maximum allowed            ; 1      ;
+----------------------------+--------+


+--------------------------------------------------------------------------------------------------------------------------------------------+
; Analysis & Synthesis Source Files Read                                                                                                     ;
+----------------------------------+-----------------+------------------------+--------------------------------------------------------------+
; File Name with User-Entered Path ; Used in Netlist ; File Type              ; File Name with Absolute Path                                 ;
+----------------------------------+-----------------+------------------------+--------------------------------------------------------------+
; ledgroup.v                       ; yes             ; User Verilog HDL File  ; C:/Users/psplo/OneDrive/орн▒/0226/ledgroup/ledgroup.v        ;
; ledgroup_detail.v                ; yes             ; User Verilog HDL File  ; C:/Users/psplo/OneDrive/орн▒/0226/ledgroup/ledgroup_detail.v ;
+----------------------------------+-----------------+------------------------+--------------------------------------------------------------+


+----------------------------------------------------+
; Analysis & Synthesis Resource Usage Summary        ;
+----------------------+-----------------------------+
; Resource             ; Usage                       ;
+----------------------+-----------------------------+
; Logic cells          ; 46                          ;
; Total registers      ; 29                          ;
; I/O pins             ; 3                           ;
; Parallel expanders   ; 16                          ;
; Maximum fan-out node ; ledgroup_detail:m1|nowTH[0] ;
; Maximum fan-out      ; 45                          ;
; Total fan-out        ; 849                         ;
; Average fan-out      ; 17.33                       ;
+----------------------+-----------------------------+


+----------------------------------------------------------------------------------------------+
; Analysis & Synthesis Resource Utilization by Entity                                          ;
+----------------------------+------------+------+------------------------------+--------------+
; Compilation Hierarchy Node ; Macrocells ; Pins ; Full Hierarchy Name          ; Library Name ;
+----------------------------+------------+------+------------------------------+--------------+
; |ledgroup                  ; 46         ; 3    ; |ledgroup                    ; work         ;
;    |ledgroup_detail:m1|    ; 45         ; 0    ; |ledgroup|ledgroup_detail:m1 ; work         ;
+----------------------------+------------+------+------------------------------+--------------+


+--------------------------------------------------------------------------+
; Parameter Settings for User Entity Instance: Top-level Entity: |ledgroup ;
+----------------+----------+----------------------------------------------+
; Parameter Name ; Value    ; Type                                         ;
+----------------+----------+----------------------------------------------+
; r              ; 01010101 ; Unsigned Binary                              ;
; g              ; 11100011 ; Unsigned Binary                              ;
; b              ; 11111111 ; Unsigned Binary                              ;
+----------------+----------+----------------------------------------------+
Note: In order to hide this table in the UI and the text report file, please set the "Show Parameter Settings Tables in Synthesis Report" option in "Analysis and Synthesis Settings -> More Settings" to "Off".


+-----------------------------------------------------------------+
; Parameter Settings for User Entity Instance: ledgroup_detail:m1 ;
+----------------+-------+----------------------------------------+
; Parameter Name ; Value ; Type                                   ;
+----------------+-------+----------------------------------------+
; T0H            ; 2     ; Signed Integer                         ;
; T0L            ; 3     ; Signed Integer                         ;
; T1H            ; 3     ; Signed Integer                         ;
; T1L            ; 2     ; Signed Integer                         ;
+----------------+-------+----------------------------------------+
Note: In order to hide this table in the UI and the text report file, please set the "Show Parameter Settings Tables in Synthesis Report" option in "Analysis and Synthesis Settings -> More Settings" to "Off".


+------------------------------------------------+
; Port Connectivity Checks: "ledgroup_detail:m1" ;
+---------+-------+----------+-------------------+
; Port    ; Type  ; Severity ; Details           ;
+---------+-------+----------+-------------------+
; g[7..5] ; Input ; Info     ; Stuck at VCC      ;
; g[1..0] ; Input ; Info     ; Stuck at VCC      ;
; g[4..2] ; Input ; Info     ; Stuck at GND      ;
; r[7]    ; Input ; Info     ; Stuck at GND      ;
; r[6]    ; Input ; Info     ; Stuck at VCC      ;
; r[5]    ; Input ; Info     ; Stuck at GND      ;
; r[4]    ; Input ; Info     ; Stuck at VCC      ;
; r[3]    ; Input ; Info     ; Stuck at GND      ;
; r[2]    ; Input ; Info     ; Stuck at VCC      ;
; r[1]    ; Input ; Info     ; Stuck at GND      ;
; r[0]    ; Input ; Info     ; Stuck at VCC      ;
; b       ; Input ; Info     ; Stuck at VCC      ;
+---------+-------+----------+-------------------+


+-------------------------------+
; Analysis & Synthesis Messages ;
+-------------------------------+
Info: *******************************************************************
Info: Running Quartus II Analysis & Synthesis
    Info: Version 9.1 Build 304 01/25/2010 Service Pack 1 SJ Web Edition
    Info: Processing started: Sun Mar 10 19:09:28 2024
Info: Command: quartus_map --read_settings_files=on --write_settings_files=off ledgroup -c ledgroup
Info: Found 1 design units, including 1 entities, in source file ledgroup.v
    Info: Found entity 1: ledgroup
Info: Found 1 design units, including 1 entities, in source file ledgroup_detail.v
    Info: Found entity 1: ledgroup_detail
Info: Elaborating entity "ledgroup" for the top level hierarchy
Warning (10034): Output port "led" at ledgroup.v(3) has no driver
Info: Elaborating entity "ledgroup_detail" for hierarchy "ledgroup_detail:m1"
Warning (10230): Verilog HDL assignment warning at ledgroup_detail.v(52): truncated value with size 32 to match size of target (2)
Warning (10230): Verilog HDL assignment warning at ledgroup_detail.v(53): truncated value with size 32 to match size of target (2)
Warning (10230): Verilog HDL assignment warning at ledgroup_detail.v(56): truncated value with size 32 to match size of target (2)
Warning (10230): Verilog HDL assignment warning at ledgroup_detail.v(57): truncated value with size 32 to match size of target (2)
Warning (10230): Verilog HDL assignment warning at ledgroup_detail.v(62): truncated value with size 32 to match size of target (2)
Warning (10230): Verilog HDL assignment warning at ledgroup_detail.v(65): truncated value with size 32 to match size of target (2)
Warning: Output pins are stuck at VCC or GND
    Warning (13410): Pin "led" is stuck at GND
Info: Promoted pin-driven signal(s) to global signal
    Info: Promoted clock signal driven by pin "clk" to global clock signal
Info: Implemented 49 device resources after synthesis - the final resource count might be different
    Info: Implemented 1 input pins
    Info: Implemented 2 output pins
    Info: Implemented 46 macrocells
Info: Quartus II Analysis & Synthesis was successful. 0 errors, 9 warnings
    Info: Peak virtual memory: 226 megabytes
    Info: Processing ended: Sun Mar 10 19:09:29 2024
    Info: Elapsed time: 00:00:01
    Info: Total CPU time (on all processors): 00:00:01


